<?xml version="1.0" encoding="UTF-8"?>
<!-- Generated by org.testng.reporters.JUnitReportReporter -->
<testsuite hostname="AS24-2CN8QV3" failures="0" tests="1" name="testClasses.ExpensePageTestClass" time="9.859" errors="0" timestamp="2025-07-29T01:38:30 IST" skipped="0">
  <testcase classname="testClasses.ExpensePageTestClass" name="verifyExpenseCategoryLoading" time="9.859"/>
</testsuite> <!-- testClasses.ExpensePageTestClass -->
