<?xml version="1.0" encoding="UTF-8"?>
<!-- Generated by org.testng.reporters.JUnitReportReporter -->
<testsuite hostname="AS24-2CN8QV3" failures="0" tests="1" name="testClasses.LoginpageTestClass" time="9.184" errors="0" timestamp="2025-07-25T20:44:51 IST" skipped="0">
  <testcase classname="testClasses.LoginpageTestClass" name="verifySuccesfulLogin" time="9.184"/>
</testsuite> <!-- testClasses.LoginpageTestClass -->
