<?xml version="1.0" encoding="UTF-8"?>
<!-- Generated by org.testng.reporters.JUnitReportReporter -->
<testsuite hostname="AS24-2CN8QV3" failures="0" tests="1" name="baseClass.BaseClass" time="0.018" errors="0" timestamp="2025-07-23T20:00:54 IST" skipped="0">
  <testcase classname="baseClass.BaseClass" name="f" time="0.018"/>
</testsuite> <!-- baseClass.BaseClass -->
