<?xml version="1.0" encoding="UTF-8"?>
<!-- Generated by org.testng.reporters.JUnitReportReporter -->
<testsuite hostname="AS24-2CN8QV3" failures="0" tests="1" name="testClasses.UserManagementTestClass" time="16.381" errors="0" timestamp="2025-07-28T23:09:02 IST" skipped="0">
  <testcase classname="testClasses.UserManagementTestClass" name="verifyAddUser" time="16.381"/>
</testsuite> <!-- testClasses.UserManagementTestClass -->
