<?xml version="1.0" encoding="UTF-8"?>
<!-- Generated by org.testng.reporters.JUnitReportReporter -->
<testsuite hostname="AS24-2CN8QV3" failures="0" tests="1" name="testClasses.CustomerPageTestClass" time="10.283" errors="0" timestamp="2025-07-29T01:03:01 IST" skipped="0">
  <testcase classname="testClasses.CustomerPageTestClass" name="verifySearchCustomer" time="10.283"/>
</testsuite> <!-- testClasses.CustomerPageTestClass -->
