<?xml version="1.0" encoding="UTF-8"?>
<!-- Generated by org.testng.reporters.JUnitReportReporter -->
<testsuite hostname="AS24-2CN8QV3" failures="0" tests="1" name="baseClass.LoginpageTestClass" time="5.318" errors="0" timestamp="2025-07-24T20:28:32 IST" skipped="0">
  <testcase classname="baseClass.LoginpageTestClass" name="verifyUsernameTextboxShowingHintorNot" time="5.318"/>
</testsuite> <!-- baseClass.LoginpageTestClass -->
